<?xml version="1.0" encoding="UTF-8"?>
<testsuite name="com.example.weatheralarm.controller.WeatherControllerTest" tests="2" skipped="0" failures="0" errors="0" timestamp="2025-11-22T03:26:38" hostname="NHY9M72K9J" time="0.616">
  <properties/>
  <testcase name="should handle empty message()" classname="com.example.weatheralarm.controller.WeatherControllerTest" time="0.608"/>
  <testcase name="should return chat response with weather information()" classname="com.example.weatheralarm.controller.WeatherControllerTest" time="0.006"/>
  <system-out><![CDATA[]]></system-out>
  <system-err><![CDATA[]]></system-err>
</testsuite>
