<?xml version="1.0" encoding="UTF-8"?>
<testsuite name="com.example.ordermngbot.service.OrderServiceTest" tests="5" skipped="0" failures="0" errors="0" timestamp="2025-11-22T03:44:17" hostname="NHY9M72K9J" time="0.081">
  <properties/>
  <testcase name="should get order status()" classname="com.example.ordermngbot.service.OrderServiceTest" time="0.074"/>
  <testcase name="should throw exception for non-existent order()" classname="com.example.ordermngbot.service.OrderServiceTest" time="0.002"/>
  <testcase name="should not change address for cancelled order()" classname="com.example.ordermngbot.service.OrderServiceTest" time="0.001"/>
  <testcase name="should change delivery address()" classname="com.example.ordermngbot.service.OrderServiceTest" time="0.001"/>
  <testcase name="should cancel order()" classname="com.example.ordermngbot.service.OrderServiceTest" time="0.001"/>
  <system-out><![CDATA[]]></system-out>
  <system-err><![CDATA[]]></system-err>
</testsuite>
